<?xml version="1.0" encoding="UTF-8"?>
<!-- Generated by org.testng.reporters.JUnitReportReporter -->
<testsuite hostname="DESKTOP-ERB8SG3" failures="0" tests="1" name="E_commerceAutomation.Assessment.DeleteProductTest" time="9.353" errors="0" timestamp="2023-01-18T13:55:23 EET" skipped="0">
  <testcase classname="E_commerceAutomation.Assessment.DeleteProductTest" name="DeleteProduct" time="9.353"/>
  <system-out/>
</testsuite> <!-- E_commerceAutomation.Assessment.DeleteProductTest -->
