<?xml version="1.0" encoding="UTF-8"?>
<!-- Generated by org.testng.reporters.JUnitReportReporter -->
<testsuite hostname="DESKTOP-ERB8SG3" failures="0" tests="5" name="testClasses.EditProductTest" time="31.375" errors="0" timestamp="2023-05-07T07:51:08 EET" skipped="0">
  <testcase classname="testClasses.EditProductTest" name="EditImage" time="15.333"/>
  <system-out/>
  <testcase classname="testClasses.EditProductTest" name="EditTitle" time="3.281"/>
  <system-out/>
  <testcase classname="testClasses.EditProductTest" name="EditDescription" time="6.283"/>
  <system-out/>
  <testcase classname="testClasses.EditProductTest" name="EditPrice" time="6.316"/>
  <system-out/>
  <testcase classname="testClasses.EditProductTest" name="CheckEditProuct" time="0.162"/>
  <system-out/>
</testsuite> <!-- testClasses.EditProductTest -->
