<?xml version="1.0" encoding="UTF-8"?>
<!-- Generated by org.testng.reporters.JUnitReportReporter -->
<testsuite hostname="DESKTOP-ERB8SG3" failures="0" tests="1" name="testClasses.DeleteProductTest" time="15.424" errors="0" timestamp="2023-05-07T07:51:08 EET" skipped="0">
  <testcase classname="testClasses.DeleteProductTest" name="DeleteProduct" time="15.424"/>
  <system-out/>
</testsuite> <!-- testClasses.DeleteProductTest -->
