<?xml version="1.0" encoding="UTF-8"?>
<!-- Generated by org.testng.reporters.JUnitReportReporter -->
<testsuite hostname="DESKTOP-ERB8SG3" failures="0" tests="4" name="testClasses.HomeTest" time="0.138" errors="0" timestamp="2023-05-06T10:16:19 EET" skipped="0">
  <testcase classname="testClasses.HomeTest" name="CheckLogo" time="0.050"/>
  <system-out/>
  <testcase classname="testClasses.HomeTest" name="CheckSearchBar" time="0.029"/>
  <system-out/>
  <testcase classname="testClasses.HomeTest" name="Checkfooter" time="0.028"/>
  <system-out/>
  <testcase classname="testClasses.HomeTest" name="CheckFooter" time="0.031"/>
  <system-out/>
</testsuite> <!-- testClasses.HomeTest -->
