<?xml version="1.0" encoding="UTF-8"?>
<!-- Generated by org.testng.reporters.JUnitReportReporter -->
<testsuite hostname="DESKTOP-ERB8SG3" failures="0" tests="2" name="testClasses.SearchTest" time="3.227" errors="0" timestamp="2023-05-06T10:16:19 EET" skipped="0">
  <testcase classname="testClasses.SearchTest" name="ValidSearch" time="0.081"/>
  <system-out/>
  <testcase classname="testClasses.SearchTest" name="InValidSearch" time="3.146"/>
  <system-out/>
</testsuite> <!-- testClasses.SearchTest -->
